### ISSUE TITLE
32-bit Linux Cog VM segfaults after a few seconds

### ISSUE THREAD

**Issue by LinqLover** [OpenSmalltalk/opensmalltalk-vm#767]
I downloaded `squeak.cog.spur_linux32x86` from the new release (202603271636) and installed the required 32-bit libraries (multiarch) on my Ubuntu 24.04 64-bit system. When I run the 32-bit VM with either `Squeak6.0-22148-32bit.image` or `Squeak6.1alpha-23704-32bit.image` (both freshly retrieved from files.squeak.org), it crashes after a few seconds:

<details><summary>Output</summary><pre><code>christoph@tuxedo-christoph:~/Downloads/squeak.cog.spur_linux32x86/sqcogspur32linuxht$ ./squeak ~/Downloads/Squeak6.1alpha-23704-32bit/Squeak6.1alpha-23704-32bit.image 
pthread_setschedparam failed: Operation not permitted
This VM uses a separate heartbeat thread to update its internal clock
and handle events.  For best operation, this thread should run at a
higher priority, however the VM was unable to change the priority.  The
effect is that heavily loaded systems may experience some latency
issues.  If this occurs, please create the appropriate configuration
file in /etc/security/limits.d/ as shown below:

cat <<END | sudo tee /etc/security/limits.d/squeak.conf
*      hard    rtprio  2
*      soft    rtprio  2
END

and report to the squeak mailing list whether this improves behaviour.

You will need to log out and log back in for the limits to take effect.
For more information please see
https://github.com/OpenSmalltalk/opensmalltalk-vm/releases/tag/r3732#linux
Aborted (core dumped)

christoph@tuxedo-christoph:~/Downloads/squeak.cog.spur_linux32x86/sqcogspur32linuxht$ ./squeak ~/Downloads/Squeak6.0-22148-32bit/Squeak6.0-22148-32bit.image 
pthread_setschedparam failed: Operation not permitted
This VM uses a separate heartbeat thread to update its internal clock
and handle events.  For best operation, this thread should run at a
higher priority, however the VM was unable to change the priority.  The
effect is that heavily loaded systems may experience some latency
issues.  If this occurs, please create the appropriate configuration
file in /etc/security/limits.d/ as shown below:

cat <<END | sudo tee /etc/security/limits.d/squeak.conf
*      hard    rtprio  2
*      soft    rtprio  2
END

and report to the squeak mailing list whether this improves behaviour.

You will need to log out and log back in for the limits to take effect.
For more information please see
https://github.com/OpenSmalltalk/opensmalltalk-vm/releases/tag/r3732#linux
stack page bytes 8192 available headroom 6888 minimum unused headroom 7048

Segmentation fault Tue Apr 21 19:53:20 2026

/home/christoph/Downloads/squeak.cog.spur_linux32x86/sqcogspur32linuxht/lib/squeak/7.0-202603271636-32bit/squeak
Squeak VM version: 7.0-202603271636  Sun Mar 29 14:07:49 UTC 2026 gcc 11 [Production Spur i686 VM]
Built from: CoInterpreter VMMaker.oscog-eem.3738 uuid: c3a9466e-a7e5-46c2-92fa-cdd228ffecef Mar 29 2026
With: StackToRegisterMappingCogit VMMaker.oscog-eem.3724 uuid: 4f19a1df-89b9-4dc2-9096-99d4c29a72b7 Mar 29 2026
Revision: VM: 202603271636 https://github.com/OpenSmalltalk/opensmalltalk-vm
Date: Fri Mar 27 17:36:22 2026 CommitHash: a8ed1b5
Plugins: 202603271636 https://github.com/OpenSmalltalk/opensmalltalk-vm
Build host: Linux runnervm19da2 6.8.0-1044-azure #50~22.04.1-Ubuntu SMP Wed Dec  3 15:13:22 UTC 2025 i686 athlon i686 GNU/Linux
plugin path: ./lib/squeak/7.0-202603271636-32bit [default: /home/christoph/Downloads/squeak.cog.spur_linux32x86/sqcogspur32linuxht/lib/squeak/7.0-202603271636-32bit/]

C stack backtrace & registers:
	eax 0x59d9a8ef ebx 0x56812c78 ecx 0x00000000 edx 0x000e0c5d
	edi 0x00000001 esi 0x00000001 ebp 0x00000088 esp 0xffc5a828
	eip 0x566a6ba8
*./lib/squeak/7.0-202603271636-32bit/squeak(+0x27ba8)[0x566a6ba8]
./lib/squeak/7.0-202603271636-32bit/squeak(+0xa3eb7)[0x56722eb7]
./lib/squeak/7.0-202603271636-32bit/squeak(+0xa4282)[0x56723282]
linux-gate.so.1(__kernel_rt_sigreturn+0x0)[0xf07355a0]
./lib/squeak/7.0-202603271636-32bit/squeak(+0x27ba8)[0x566a6ba8]
./lib/squeak/7.0-202603271636-32bit/squeak(+0x55355)[0x566d4355]
./lib/squeak/7.0-202603271636-32bit/squeak(+0x559ed)[0x566d49ed]
./lib/squeak/7.0-202603271636-32bit/squeak(+0x55ae6)[0x566d4ae6]
[0x580f05a8]
[0x5812201e]
[0x5812aff1]
[0x5812ae0e]
[0x5812ad8e]
[0x58135303]
[0x5812d4c5]
[0x580f0fe8]
[0xffc59adc]

Smalltalk stack dump:
0xffc78800 I IndentingListItemMorph>drawOn: 0x582ce6a0: a(n) IndentingListItemMorph
0xffc7881c M FormCanvas(Canvas)>draw: 0x5847f4e8: a(n) FormCanvas
0xffc78838 M FormCanvas(Canvas)>drawMorph: 0x5847f4e8: a(n) FormCanvas
0xffc78854 M IndentingListItemMorph(Morph)>fullDrawOn: 0x582ce6a0: a(n) IndentingListItemMorph
0xffc78870 M FormCanvas(Canvas)>fullDraw: 0x5847f4e8: a(n) FormCanvas
0xffc7888c M FormCanvas(Canvas)>fullDrawMorph: 0x5847f4e8: a(n) FormCanvas
0xffc788ac M [] in TransformMorph>drawSubmorphsOn: 0x582c5650: a(n) TransformMorph
0xffc788cc M Array(SequenceableCollection)>reverseDo: 0x582ccad0: a(n) Array
0xffc7668c M [] in TransformMorph>drawSubmorphsOn: 0x582c5650: a(n) TransformMorph
0xffc766a8 M FormCanvas(Canvas)>translateBy:clippingTo:during: 0x58469ef8: a(n) FormCanvas
0xffc766e8 M FormCanvas>transformBy:clippingTo:during:smoothing: 0x58469ef8: a(n) FormCanvas
0xffc76710 M TransformMorph>drawSubmorphsOn: 0x582c5650: a(n) TransformMorph
0xffc7672c M TransformMorph(Morph)>fullDrawOn: 0x582c5650: a(n) TransformMorph
0xffc76748 M FormCanvas(Canvas)>fullDraw: 0x58469ef8: a(n) FormCanvas
0xffc76764 M FormCanvas(Canvas)>fullDrawMorph: 0x58469ef8: a(n) FormCanvas
0xffc76784 M [] in PluggableTreeMorph(Morph)>drawSubmorphsOn: 0x582c1cd0: a(n) PluggableTreeMorph
0xffc767a4 M Array(SequenceableCollection)>reverseDo: 0x582c5548: a(n) Array
0xffc767c0 M [] in PluggableTreeMorph(Morph)>drawSubmorphsOn: 0x582c1cd0: a(n) PluggableTreeMorph
0xffc767e0 M PluggableTreeMorph(Morph)>drawSubmorphsOn: 0x582c1cd0: a(n) PluggableTreeMorph
0xffc767fc M PluggableTreeMorph(Morph)>fullDrawOn: 0x582c1cd0: a(n) PluggableTreeMorph
0xffc76818 M FormCanvas(Canvas)>fullDraw: 0x58469ef8: a(n) FormCanvas
0xffc76834 M FormCanvas(Canvas)>fullDrawMorph: 0x58469ef8: a(n) FormCanvas
0xffc76854 M [] in PluggableSystemWindow(Morph)>drawSubmorphsOn: 0x582bd950: a(n) PluggableSystemWindow
0xffc76874 M Array(SequenceableCollection)>reverseDo: 0x583b5fd0: a(n) Array
0xffc76890 M [] in PluggableSystemWindow(Morph)>drawSubmorphsOn: 0x582bd950: a(n) PluggableSystemWindow
0xffc768b0 M PluggableSystemWindow(Morph)>drawSubmorphsOn: 0x582bd950: a(n) PluggableSystemWindow
0xffc768cc M PluggableSystemWindow(Morph)>fullDrawOn: 0x582bd950: a(n) PluggableSystemWindow
0xffc7468c M FormCanvas(Canvas)>fullDraw: 0x58469ef8: a(n) FormCanvas
0xffc746a8 M FormCanvas(Canvas)>fullDrawMorph: 0x58469ef8: a(n) FormCanvas
0xffc746f8 M [] in WorldState>drawWorld:submorphs:invalidAreasOn: 0x58d9bf80: a(n) WorldState
0xffc74728 M Rectangle>allAreasOutsideList:startingAt:do: 0x582c49e8: a(n) Rectangle
0xffc7474c M Rectangle>allAreasOutsideList:do: 0x582c49e8: a(n) Rectangle
0xffc74788 M [] in WorldState>drawWorld:submorphs:invalidAreasOn: 0x58d9bf80: a(n) WorldState
0xffc747ac M Array(SequenceableCollection)>do: 0x58469698: a(n) Array
0xffc747dc M WorldState>drawWorld:submorphs:invalidAreasOn: 0x58d9bf80: a(n) WorldState
0xffc74814 M WorldState>displayWorld:submorphs: 0x58d9bf80: a(n) WorldState
0xffc74834 M PasteUpMorph>privateOuterDisplayWorld 0x58da3cb8: a(n) PasteUpMorph
0xffc7484c M PasteUpMorph>displayWorld 0x58da3cb8: a(n) PasteUpMorph
0xffc7486c M [] in WorldState>displayWorldSafely: 0x58d9bf80: a(n) WorldState
0xffc7488c M FullBlockClosure(BlockClosure)>on:do: 0x58466810: a(n) FullBlockClosure
0xffc748b0 M WorldState>displayWorldSafely: 0x58d9bf80: a(n) WorldState
0xffc748d0 M [] in WorldState>doOneCycleNowFor: 0x58d9bf80: a(n) WorldState
0xffc5e5c0 M [] in ActiveWorldVariable class(DynamicVariable class)>value:during: 0x58d8f788: a(n) ActiveWorldVariable
0xffc5e5e0 M FullBlockClosure(BlockClosure)>ensure: 0x58464920: a(n) FullBlockClosure
0xffc5e608 M ActiveWorldVariable class(DynamicVariable class)>value:during: 0x58d8f788: a(n) ActiveWorldVariable
0xffc5e630 M [] in ActiveWorldVariable class>value:during: 0x58d8f788: a(n) ActiveWorldVariable
0xffc5e650 M FullBlockClosure(BlockClosure)>ensure: 0x58464850: a(n) FullBlockClosure
0xffc5e670 M ActiveWorldVariable class>value:during: 0x58d8f788: a(n) ActiveWorldVariable
0xffc5e690 M PasteUpMorph>becomeActiveDuring: 0x58da3cb8: a(n) PasteUpMorph
0xffc5e6b8 I WorldState>doOneCycleNowFor: 0x58d9bf80: a(n) WorldState
0xffc5e6dc I WorldState>doOneCycleFor: 0x58d9bf80: a(n) WorldState
0xffc5e700 I PasteUpMorph>doOneCycle 0x58da3cb8: a(n) PasteUpMorph
0xffc5e720 I PreferenceWizardMorph>refreshWorld 0x583b6a78: a(n) PreferenceWizardMorph
0xffc5e740 I PreferenceWizardMorph>showWelcome 0x583b6a78: a(n) PreferenceWizardMorph
0xffc5e760 I PreferenceWizardMorph>openInWorld 0x583b6a78: a(n) PreferenceWizardMorph
0xffc5e780 I PreferenceWizardMorph class>open 0x58e4e2b0: a(n) PreferenceWizardMorph
0xffc5e7a4 I [] in ReleaseBuilder class>prepareEnvironment 0x58994140: a(n) ReleaseBuilder
0xffc5e7c8 I ReleaseBuilder class>startUp: 0x58994140: a(n) ReleaseBuilder
0xffc5e7f4 M [] in SmalltalkImage>send:toClassesNamedIn:with: 0x589aa238: a(n) SmalltalkImage
0xffc5e81c I OrderedCollection>do: 0x58a4b4b0: a(n) OrderedCollection
0xffc5e844 I SmalltalkImage>send:toClassesNamedIn:with: 0x589aa238: a(n) SmalltalkImage
0xffc5e870 I SmalltalkImage>processStartUpList: 0x589aa238: a(n) SmalltalkImage
0xffc5e894 I SmalltalkImage>startUpPostSnapshot: 0x589aa238: a(n) SmalltalkImage
0xffc5e8c0 I SmalltalkImage>snapshot:andQuit:withExitCode:embedded: 0x589aa238: a(n) SmalltalkImage
0x5ad3ee30 s SmalltalkImage>snapshot:andQuit:embedded: 0x589aa238: a(n) SmalltalkImage
0x5ad3eff0 s SmalltalkImage>snapshot:andQuit: 0x589aa238: a(n) SmalltalkImage
0x5ad3f0c0 s [] in ReleaseBuilder class>saveAndQuit 0x58994140: a(n) ReleaseBuilder
0x5ad3f198 s WorldState>runStepMethodsIn: 0x58d9bf80: a(n) WorldState
0x5ad3f228 s PasteUpMorph>runStepMethods 0x58da3cb8: a(n) PasteUpMorph
0x5ad3f2f8 s [] in WorldState>doOneCycleNowFor: 0x58d9bf80: a(n) WorldState
0x5ad3f358 s [] in ActiveWorldVariable class(DynamicVariable class)>value:during: 0x58d8f788: a(n) ActiveWorldVariable
0x5ad3f3d8 s FullBlockClosure(BlockClosure)>ensure: 0x5ad3f438: a(n) FullBlockClosure
0x5ad3f4c0 s ActiveWorldVariable class(DynamicVariable class)>value:during: 0x58d8f788: a(n) ActiveWorldVariable
0x5ad3f5b8 s [] in ActiveWorldVariable class>value:during: 0x58d8f788: a(n) ActiveWorldVariable
0x5ad3f688 s FullBlockClosure(BlockClosure)>ensure: 0x5ad3f6e8: a(n) FullBlockClosure
0x5ad3f768 s ActiveWorldVariable class>value:during: 0x58d8f788: a(n) ActiveWorldVariable
0x5ad3f860 s PasteUpMorph>becomeActiveDuring: 0x58da3cb8: a(n) PasteUpMorph
0x5ad3f460 s WorldState>doOneCycleNowFor: 0x58d9bf80: a(n) WorldState
0x5ad3f548 s WorldState>doOneCycleFor: 0x58d9bf80: a(n) WorldState
0x5ad3f628 s PasteUpMorph>doOneCycle 0x58da3cb8: a(n) PasteUpMorph
0x5ad3f708 s [] in MorphicProject>spawnNewProcess 0x58b5e988: a(n) MorphicProject
0x5ad3f7e8 s [] in FullBlockClosure(BlockClosure)>newProcess 0x5ad3f848: a(n) FullBlockClosure

Most recent primitives (oldest first)

**PrimitiveFailure** BoxedFloat64
BitBlt>>#copyBits
BitBlt>>#copyBits
BoxedFloat64>>#+
**PrimitiveFailure** BoxedFloat64
**PrimitiveFailure** BoxedFloat64
BoxedFloat64>>#+
**PrimitiveFailure** BoxedFloat64
**PrimitiveFailure** BoxedFloat64
BitBlt>>#copyBits
BitBlt>>#copyBits
BoxedFloat64>>#+
**PrimitiveFailure** BoxedFloat64
**PrimitiveFailure** BoxedFloat64
BitBlt>>#copyBits
BitBlt>>#copyBits
BoxedFloat64>>#+
**PrimitiveFailure** BoxedFloat64
**PrimitiveFailure** BoxedFloat64
BitBlt>>#copyBits
BitBlt>>#copyBits
BoxedFloat64>>#+
**PrimitiveFailure** BoxedFloat64
**PrimitiveFailure** BoxedFloat64
BitBlt>>#copyBits
BitBlt>>#copyBits
BitBlt>>#copyBits
BoxedFloat64>>#*
**PrimitiveFailure** BoxedFloat64
**PrimitiveFailure** BoxedFloat64
BoxedFloat64>>#*
**PrimitiveFailure** BoxedFloat64
**PrimitiveFailure** BoxedFloat64
BoxedFloat64>>#+
**PrimitiveFailure** BoxedFloat64
**PrimitiveFailure** BoxedFloat64
BoxedFloat64>>#+
**PrimitiveFailure** BoxedFloat64
**PrimitiveFailure** BoxedFloat64
BoxedFloat64>>#+
**PrimitiveFailure** BoxedFloat64
**PrimitiveFailure** BoxedFloat64
BoxedFloat64>>#+
**PrimitiveFailure** BoxedFloat64
**PrimitiveFailure** BoxedFloat64
BoxedFloat64>>#+
**PrimitiveFailure** BoxedFloat64
**PrimitiveFailure** BoxedFloat64
BitBlt>>#copyBits
BitBlt>>#copyBits
BoxedFloat64>>#+
**PrimitiveFailure** BoxedFloat64
**PrimitiveFailure** BoxedFloat64
BoxedFloat64>>#+
**PrimitiveFailure** BoxedFloat64
**PrimitiveFailure** BoxedFloat64
BoxedFloat64>>#+
**PrimitiveFailure** BoxedFloat64
**PrimitiveFailure** BoxedFloat64
BitBlt>>#copyBits
BitBlt>>#copyBits
BoxedFloat64>>#+
**PrimitiveFailure** BoxedFloat64
**PrimitiveFailure** BoxedFloat64
BoxedFloat64>>#+
**PrimitiveFailure** BoxedFloat64
**PrimitiveFailure** BoxedFloat64
BitBlt>>#copyBits
BitBlt>>#copyBits
BoxedFloat64>>#+
**PrimitiveFailure** BoxedFloat64
**PrimitiveFailure** BoxedFloat64
BoxedFloat64>>#-
**PrimitiveFailure** BoxedFloat64
**PrimitiveFailure** BoxedFloat64
BoxedFloat64>>#+
**PrimitiveFailure** BoxedFloat64
**PrimitiveFailure** BoxedFloat64
BoxedFloat64>>#+
**PrimitiveFailure** BoxedFloat64
**PrimitiveFailure** BoxedFloat64
BitBlt>>#copyBits
BitBlt>>#copyBits
BoxedFloat64>>#+
**PrimitiveFailure** BoxedFloat64
**PrimitiveFailure** BoxedFloat64
BoxedFloat64>>#+
**PrimitiveFailure** BoxedFloat64
**PrimitiveFailure** BoxedFloat64
BitBlt>>#copyBits
BitBlt>>#copyBits
BoxedFloat64>>#+
**PrimitiveFailure** BoxedFloat64
**PrimitiveFailure** BoxedFloat64
BoxedFloat64>>#+
**PrimitiveFailure** BoxedFloat64
**PrimitiveFailure** BoxedFloat64
BitBlt>>#copyBits
BitBlt>>#copyBits
BoxedFloat64>>#+
**PrimitiveFailure** BoxedFloat64
**PrimitiveFailure** BoxedFloat64
BitBlt>>#copyBits
BitBlt>>#copyBits
BoxedFloat64>>#+
**PrimitiveFailure** BoxedFloat64
**PrimitiveFailure** BoxedFloat64
BoxedFloat64>>#+
**PrimitiveFailure** BoxedFloat64
**PrimitiveFailure** BoxedFloat64
BitBlt>>#copyBits
BitBlt>>#copyBits
BoxedFloat64>>#+
**PrimitiveFailure** BoxedFloat64
**PrimitiveFailure** BoxedFloat64
BitBlt>>#copyBits
BitBlt>>#copyBits
BoxedFloat64>>#+
**PrimitiveFailure** BoxedFloat64
**PrimitiveFailure** BoxedFloat64
BitBlt>>#copyBits
BitBlt>>#copyBits
BoxedFloat64>>#+
**PrimitiveFailure** BoxedFloat64
**PrimitiveFailure** BoxedFloat64
BitBlt>>#copyBits
BitBlt>>#copyBits
BitBlt>>#copyBits
Behavior>>#basicNew:
BitBlt>>#copyBits
Number>>#@
Number>>#@
Behavior>>#basicNew
SmallInteger>>#-
SmallInteger>>#-
**StackOverflow**
BitBlt>>#copyBits
Behavior>>#basicNew
BitBlt>>#copyBits
BitBlt>>#copyBits
BitBlt>>#copyBits
BitBlt>>#copyBits
BitBlt>>#copyBits
BitBlt>>#copyBits
BitBlt>>#copyBits
**StackOverflow**
BitBlt>>#copyBits
**StackOverflow**
BitBlt>>#copyBits
**StackOverflow**
BitBlt>>#primDisplayString:from:to:map:xTable:kern:
BitBlt>>#primDisplayString:from:to:map:xTable:kern:
BitBlt>>#copyBits
BitBlt>>#copyBits
**StackOverflow**
BitBlt>>#copyBits
Behavior>>#basicNew
BitBlt>>#primDisplayString:from:to:map:xTable:kern:
BitBlt>>#primDisplayString:from:to:map:xTable:kern:
Behavior>>#basicNew
**StackOverflow**
**StackOverflow**
**StackOverflow**
Object>>#shallowCopy
Object>>#perform:with:
BitBlt>>#copyBits
BitBlt>>#copyBits
BitBlt>>#copyBits
BitBlt>>#copyBits
BitBlt>>#copyBits
FullBlockClosure>>#value:
BitBlt>>#copyBits
FullBlockClosure>>#value:
FullBlockClosure>>#value:
Behavior>>#basicNew
**StackOverflow**
**StackOverflow**
**StackOverflow**
**StackOverflow**
**StackOverflow**
**StackOverflow**
**StackOverflow**
**StackOverflow**
BitBlt>>#copyBits
**PrimitiveFailure** GrafPort
Behavior>>#basicNew
BitBlt>>#copyBits
FullBlockClosure>>#value
BitBlt>>#primDisplayString:from:to:map:xTable:kern:
BitBlt>>#primDisplayString:from:to:map:xTable:kern:
**CompactCode**

stack page bytes 8192 available headroom 6888 minimum unused headroom 7048

	(Segmentation fault)
Aborted (core dumped)
</code></pre></details>

This a regression from the previous VM release (202312181441) where the binary appears to operate correctly on my stack.

32-bit Stack VM works fine.  
32-bit Debug Cog VM also works fine, so it's a Heisenbug! 🎉

Can anybody else reproduce this or is this my system being weird? Could this be related to my multiarch setup or not really? Should we have better CI to spot such issues earlier?

**Comment by marceltaeumel** [comment]
> [...] installed the required 32-bit libraries (multiarch) on my Ubuntu 24.04 64-bit system [...]

It would be helpful to try this on a regular 32-bit Ubuntu or comparable 32-bit Linux.

**Comment by cstes** [comment]
I'll give it a try on openSUSE Tumbleweed Linux 32bit or Linux Slackware Current 32bit.

**Comment by cstes** [comment]
Perhaps this issue is related to issue #762 ?  Anyway I tested on an openSUSE Tumbleweed Linux 32bit system.  The system is Intel Pentium and it has AMD/ATI graphics (supported by X11 using vesa/fb).   It has 1 GB (one gigabyte) of RAM.  The Linux kernel is 7.0.12-1-pae and  C compiler is GCC 15.3.   I compiled opensmalltalk-vm latest version (from VMMaker.oscog-eem.3766) and built a stack-spur and cog-spur VM from the building/linux32x86 subdirectory using the mvm scripts.  I modified the mvm script to configure --without-gl (I built without OpenGL support) and I installed libX11-devel and libXrandr-devel to build a vm-display-X11 plugin.       The stack-spur VM runs fine and also the cog-spur VM seems to start up but indeed the cog-spur vm seems to crash after a few seconds.   So initially it starts up the Squeak6.1beta 23712-32bit image correctly but whereas the stack-spur 32bit opens this Squeak6.1beta 23712-32bit image and remains stable, indeed also for my test, the cog-spur crashes.    My interest is whether the classical VM (for running Squeak V4, the classical VM from squeakvm.org has the same problem) so I'll give classical VM 4.21.3 a try later on openSUSE Tumbleweed (https://download.opensuse.org/ports/i586/tumbleweed/).

**Comment by cstes** [comment]
I tested on openSUSE Leap 16.1 AMD64 to compare with the Tumbleweed installation (openSUSE TumbleWeed is a rolling release and differs from openSUSE Leap 16.1).   Those openSUSE distributions also differ from SUSE Entreprise Linux by the way.    Anyway ... the test on Leap 16.1 AMD64 was useful because I noticed some interesting compile errors.    So I went back to Tumbleweed Linux 7.0.12-1-pae with GCC 15.3 and set as compiler in the mvm script :   gcc -O -std=gnu17 -fpermissive.    With those flags (presumably the -std=gnu17 -fpermissive -O instead of -O2 is important) the mvm script in the building/linux32x86 directory squeak.cog.spur produces a 32 bit VM that runs the Squeak6.1beta 23712-32bit image correctly, it starts up and it does NOT immediately segfaults after a few seconds.   Also when I revert and check out older commits like VMMaker.oscog-eem.3590 from august last year 2025 , I get different results.   I tested commit hash e90779dea because last year I ran a 32bit test on a physical Linux machine with the VM VMMaker.oscog-eem.3590  from last year.

**Comment by cstes** [comment]
The classical VM 4.21.3 also compiles on Tumbleweed with GCC 15.3 and with kitware cmake 4.2.3.   For using cmake 4.2.3 some special -D is required to support the cmake 4 build system.    The classical VM 4.21.3 also compiles on openSUSE Leap 16.1 AMD64 and it opens both on Tumbleweed 32bit and Leap 16.1 64bit , it opens the Squeak4.6-15118 from https://files.squeak.org/4.6/Squeak4.6-15118.zip.   There is a problem to run the Squeak SSL tests on OpenSSL 3.5.3.

**Comment by cstes** [comment]
I've tested on SLES 11 SP4 for i586/i686 (Intel 32 bit) and the classical VM (for Squeak 4.6 15118 or update 15120) does not segfault.   However I've also tested on Solaris 11 64bit where I built a -m32 32bit executable for Cog VM and on Solaris Cog VM also crashes.  The latter is a 32bit ELF executable on the 64bit unix kernel.   Maybe it is possible to find differences later between the current VM and older VM's: I tested commit hash https://github.com/OpenSmalltalk/opensmalltalk-vm/commit/e90779dea2ae2c1328cbb2da055d26a406ffd6c1 because last year I ran a 32bit test on a physical Linux and a physical Solaris machine with the VM VMMaker.oscog-eem.3590 from last year which was OK at that time.

**Comment by cstes** [comment]
On Solaris both 32-bit Cog and Stack VM crash: I've ran this under dbx (debugger) and this points to a problem in ioScreenScaleFactor(). .  So I tried to disable the code of ioScreenScaleFactor() and then both the 32-bit Cog and Stack VM run again.

**Comment by cstes** [comment]
An important difference between OpenSmalltalk cog-spur and stack-spur on the one hand , and classical VM 4.21.3 on the other hand, is that the latter does not seem to require libXrandr (for scaling code in vm-display-X11).   Because a difference is that classical VM 4.21.3 has no scaling code, as far as I know.

**Comment by cstes** [comment]
The crash seemed to have been in ioScreenScaleFactor() and the crash does not happen for me when disabling the code in ioScreenScaleFactor() , but this may be an underlying malloc problem compatibility with different code in opensmalltalk so depending on how to look at this, the code in ioScreenScaleFactor() may be correct and the problem may be elsewhere ...

**Comment by cstes** [comment]
With VMMaker.oscog-eem.3776 both Stack and Cog VM crash 32bit unfortunately; disabling the code in ioScreenScaleFactor() does not help here.   The SIGSEGV segmentation fault now seems to be in doScavenge() and not in ioScreenScaleFactor() which I disabled anyway.   The 64bit VMs run; I didn't see this (new?) crash in 64bit so far.

**Comment by LinqLover** [comment]
Hm, is this reproducable in the assert VM?

**Comment by cstes** [comment]
If I remove the -DNDEBUG flag from the mvm script and rebuild, the crash seems to be the same:  from handleStackOverflowOrEventAllowContextSwitch() ScavengingGCTenuringIf() doScavenge() there is a segmentation fault now with VMMaker.oscog-eem.3776 sources for me in the 32 bit case, but not in the 64 bit case.    If I checkout older sources from VMMaker.oscog-eem.3566 from last year 2025, and rebuild a 32bit VM from these sources, the 32bit VM opens the 6.1beta1 23789 32bit squeak image.

**Comment by cstes** [comment]
The code for the sources in the git repository for opensmalltalk-vm around the time of VMMaker.oscog-eem.3566 had similar code in ioScreenScaleFactor() as the current code from VMMaker.oscog-eem.3776, so the crash observed before in the ioScreenScaleFactor() may have been triggered by something else.

**Comment by cstes** [comment]
I tested VMMaker.oscog-eem.3776 more or less the latest C sources from the opensmalltalk-vm repository on a physical machine with 1 GB RAM and a 32bit Intel Pentium processor using Linux openSUSE Tumbleweed with the Linux 7.1.4 kernel and GCC 15.3.   I compiled the VM --without-gl but with Xrandr and with vm-display-X11.  I compiled without SqueakSSL because of difficulties with the build on Tumbleweed of the SSL plugin.   Anyway the Stack 32bit VM (Stack Interpreter) now immediately crashes with a segmentation fault on 32 bit Linux so there is a new problem I think, or a different form of an older existing problem.  If I revert on Linux 32 bit to an older VM such as VMMaker.oscog-eem.3590 I am able to open the v6.1beta 32bit squeak image with a Stack VM 32bit built from those older sources.

**Comment by cstes** [comment]
I tested again opening a v6.1beta 32bit squeak image with an OpenSmalltalk Stack VM 32bit or Cog VM 32 bit on Linux 7.1.4 (opensuse tumbleweed 32 bit) on a physical Intel Pentium machine.   The good news is that, when using gcc 15.3, and when building from the opensmalltalk github repository using git tag 202606270913, this VM seems to correspond to VMMaker.oscog-eem.3776 and my latest test was without segmentation fault :  compiling with gcc -std=gnu17 -O -fpermissive and without SqueakSSL and without-gl (without OpenGL) gives a VM binary (both Stack and Cog) that open succesfully a v6.1beta 32bit squeak image in image format 7033.    The bad news is that I still get strange errors in the very latest opensmalltalk-vm sources compiled on 32bit : SIGSEGV in *IncrementalGC* with messages relating to *StackOverflow*, also both in Stack and Cog VM, so the latest VM does not open that same v6.1beta 32bit squeak image.

**Comment by eliotmiranda** [comment]
> If I remove the -DNDEBUG flag from the mvm script and rebuild, the crash seems to be the same: …

Hi cstes, tangential to the bug itself, that’s not the right way to build an assert or debug vm. If using the unix/linux builds there are three directories, build, build.assert, and build.debug, each containing a slightly different mvm script, which install vm directory hierarchies under products, products/assert and products/debug.

**Comment by cstes** [comment]
An important error (typo) in my latest comment:   I wrote : git tag 202606270913, this VM seems to correspond to VMMaker.oscog-eem.3776.   But I should have written : git tag 202606270913 that VM corresponds to VMMaker.oscog-eem.**3766**    (so VMMaker.oscog-eem.3766 is/was still OK while **3776** not).   See https://github.com/OpenSmalltalk/opensmalltalk-vm/tree/202606270913/src/spur32.stack

**Comment by cstes** [comment]
Maybe I used the wrong way to build the assert VM last week, but feel free to test using the build.assert directory an assert VM on 32bit linux ...

**Comment by eliotmiranda** [comment]
Many apologies. This is my bug. I made a mistake in the 5/27/2015 32-bit version of SpurGenerationScavenger>>#setCorpseOffsetOf:to: which somehow hasn't been caught until now, and when I updated it recently in the ephemeron work I *think* I added an assert which causes the 32-bit code to crash.

I should have a fix and new sources pushed in an hour or so.

**Comment by eliotmiranda** [comment]
> Many apologies. This is my bug. I made a mistake in the 5/27/2015 32-bit version of SpurGenerationScavenger>>#setCorpseOffsetOf:to: which somehow hasn't been caught until now, and when I updated it recently in the ephemeron work I _think_ I added an assert which causes the 32-bit code to crash.
> 
> I should have a fix and new sources pushed in an hour or so.

Ah, the mistake /was/ in the new code. I forgot to change the mask applied to the least significant byte of the corpse offset to 255 from 31

**Comment by cstes** [comment]
I tested opensmalltalk-vm VMMaker.oscog-eem.3781 and both Stack spur and Cog spur run and open a Cuis 32bit image.   I tested last week the opensmalltalk-vm git tag 202606270913 and that VMMaker.oscog-eem.3766 also was OK.   The test was on Linux 32bit on physical hardware Intel Pentium 32bit.

**Comment by eliotmiranda** [comment]
Fixed by a4d3da0ac21d4b95dcc3eb77f7a3c1e24aab003c / VMMaker.oscog-eem.3781

Thanks, cstes

**Comment by marceltaeumel** [comment]
Hmm... so this should be observable in a 32-bit VM on the Windows platform as well?

**Comment by eliotmiranda** [comment]
> Hmm... so this should be observable in a 32-bit VM on the Windows platform as well?

Definitely. When weak & ephemeral objects are managed during a scavenge the survivors are referenced from a linked list through their corpses in Eden & past space. The corpses are linked together by a 30 bit field formed from the 22 bit identity hash and the 8 bit byte containing the 5 bit format field, which is the distance in 8 byte allocation u tie from one corpse to the next. The 8 bits are the least significant 8 bits of the 30 bit field. The bug was that the32-bit vm masked off the top 3 bits of the least significant 8 bits. So the offset would lose 3 bits and soon enough the list of corpses would be corrupted. This was seen in all forms of the 32-bit vm, including the simulator (hence the quick fix once I finally looked at the issue)

**Comment by marceltaeumel** [comment]
Hmm... no crashes or segfaults in the 32-bit VM on Windows. All tests ran. Anyway, we can bundle up the binary with the 32-bit targets then. I will add a tag for the OSVM binaries.

**Comment by marceltaeumel** [comment]
Hi all --
After re-reading the discussion here, I am not quite sure the issue raised by Christoph has been fixed as something that broke after 202603271636 got fixed.
- Christoph reported an issue in `VMMaker.oscog-eem.3766` (ie. last stable OSVM release)
- Eliot fixed an issue an issue in `VMMaker.oscog-eem.3776` via `3781` (ie. nightly builds)
- cstes could reproduce the issue raised by Christoph in 32-bit Squeak (Squeak6.1beta 23712)
- cstes could **not** reproduce the issue raised by Christoph in 32-bit Cuis

So, we should re-open this issue again? Christoph?

**Comment by LinqLover** [comment]
Hi all,

it seems unrelated to me. b11b52691f0c8d31830566c52702de2e652c0b84 (thus including a4d3da0) still segfaults.

<details><summary>Details</summary><pre><code>christoph@tuxedo-christoph:~/git/OpenSmalltalk/opensmalltalk-vm.1/building/linux32x86/squeak.cog.spur/build$ ./squeak ~/Downloads/Squeak6.1rc2-23940-32bit/Squeak6.1rc2-23940-32bit.image 
stack page bytes 8192 available headroom 6888 minimum unused headroom 7064

Segmentation fault Wed Aug 19 21:59:50 2026


/home/christoph/git/OpenSmalltalk/opensmalltalk-vm.1/building/linux32x86/squeak.cog.spur/build/squeak
Squeak VM version: 7.0-202608181906  Wed Aug 19 21:55:45 CEST 2026 gcc 13 [Production Spur i686 VM]
Built from: CoInterpreter VMMaker.oscog-eem.3781 uuid: 409555fa-6728-4e74-9b91-8688e2c4a2dd Aug 19 2026
With: StackToRegisterMappingCogit VMMaker.oscog-eem.3776 uuid: 5d93f8b7-2e84-42e1-9e0b-e752dda4d9ba Aug 19 2026
Revision: VM: 202608181906 christoph@tuxedo-christoph:git/OpenSmalltalk/opensmalltalk-vm.1
Date: Tue Aug 18 12:06:28 2026 CommitHash: b11b52691
Plugins: 202608181906 christoph@tuxedo-christoph:git/OpenSmalltalk/opensmalltalk-vm.1
Build host: Linux tuxedo-christoph 6.17.0-124040-tuxedo #40~24.04.1tux1 SMP PREEMPT_DYNAMIC Wed Jul  8 14:37:13 UTC 2026 i686 i686 i686 GNU/Linux
plugin path: /home/christoph/git/OpenSmalltalk/opensmalltalk-vm.1/building/linux32x86/squeak.cog.spur/build/ [default: /home/christoph/git/OpenSmalltalk/opensmalltalk-vm.1/building/linux32x86/squeak.cog.spur/build/]


C stack backtrace & registers:
        eax 0x57b6564e ebx 0x56ef89b0 ecx 0x00000000 edx 0x000e15cd
        edi 0x00000001 esi 0x00000001 ebp 0x00000001 esp 0xffbfacf8
        eip 0x56d84e28
*./squeak(+0x28e28)[0x56d84e28]
./squeak(+0xa71fc)[0x56e031fc]
./squeak(+0xa75ae)[0x56e035ae]
linux-gate.so.1(__kernel_rt_sigreturn+0x0)[0xf3eef5a0]
./squeak(+0x28e28)[0x56d84e28]
./squeak(+0x57945)[0x56db3945]
./squeak(+0x57e2d)[0x56db3e2d]
./squeak(ceSendFromInLineCacheMiss+0x19d)[0x56db590d]
./squeak(+0x9dd6a)[0x56df9d6a]
[0x57b23701]
[0x57b6586d]
[0x57ba2a23]
[0x57ba299e]
[0x57b4aba4]
[0x57b4128e]
[0x57b284d5]
[0x57b40d48]
[0x57b40b73]
[0x57b40783]
[0x57b95c5b]
[0x57b2fdd7]
[0x57b2fc9f]
[0x57b2fbf1]
[0x57b2fa49]
[0x57b24000]
[0xffbfa07c]


Smalltalk stack dump:
0xffc16bfc M AlignmentMorph(Morph)>allOwnersDo: 0x58030268: a(n) AlignmentMorph
0xffc16c18 M AlignmentMorph(Morph)>hasOwner: 0x58030268: a(n) AlignmentMorph
0xffc16c48 M AlignmentMorph(Morph)>privateAddMorph:atIndex: 0x58030268: a(n) AlignmentMorph
0xffc16c68 M AlignmentMorph(Morph)>addMorphFront: 0x58030268: a(n) AlignmentMorph
0xffc16c84 M AlignmentMorph(Morph)>addMorph: 0x58030268: a(n) AlignmentMorph
0xffc16ca8 M IconicButton>initializeWithThumbnail:withLabel:andColor:andSend:to: 0x5b0cede0: a(n) IconicButton
0xffc16ce0 M [] in PartsBin>listDirection:quadList:buttonClass: 0x5b0cee28: a(n) PartsBin
0xffc16d00 M OrderedCollection>do: 0x5b0ceea0: a(n) OrderedCollection
0xffc16d1c M PartsBin>listDirection:quadList:buttonClass: 0x5b0cee28: a(n) PartsBin
0xffc16d40 M PartsBin>listDirection:quadList: 0x5b0cee28: a(n) PartsBin
0xffc16d60 M PartsBin class>newPartsBinWithOrientation:andColor:from: 0x58a99fa8: a(n) PartsBin
0xffc16d8c M Flaps class>newToolsFlap 0x5848c640: a(n) Flaps
0xffc16da8 M Flaps class>addStandardFlaps 0x5848c640: a(n) Flaps
0xffc16dc0 M Flaps class>initializeStandardFlaps 0x5848c640: a(n) Flaps
0xffc16dd8 M Flaps class>globalFlapTabs 0x5848c640: a(n) Flaps
0xffc16df0 M [] in Flaps class>enableGlobalFlaps 0x5848c640: a(n) Flaps
0xffc14ba4 M FullBlockClosure(BlockClosure)>ensure: 0x5acdf688: a(n) FullBlockClosure
0xffc14bc4 M CursorWithMask(Cursor)>showWhile: 0x5866f778: a(n) CursorWithMask
0xffc14be0 M Flaps class>enableGlobalFlaps 0x5848c640: a(n) Flaps
0xffc14bfc M MorphicProject>updateLocaleDependents 0x58a984b8: a(n) MorphicProject
0xffc14c14 M MorphicProject(Project)>localeChanged 0x58a984b8: a(n) MorphicProject
0xffc14c2c M Project class>localeChanged 0x58a98510: a(n) Project
0xffc14c44 M [] in Locale class>localeChanged 0x588930c0: a(n) Locale
0xffc14c64 M [] in SystemNavigation>allBehaviorsDo: 0x5852c2f8: a(n) SystemNavigation
0xffc14c84 M [] in Environment>allClassesAndTraitsDo: 0x58540028: a(n) Environment
0xffc14ca8 M [] in IdentityDictionary(Dictionary)>keysAndValuesDo: 0x58537ed8: a(n) IdentityDictionary
0xffc14cd0 M IdentityDictionary(Dictionary)>associationsDo: 0x58537ed8: a(n) IdentityDictionary
0xffc14cf4 I IdentityDictionary(Dictionary)>keysAndValuesDo: 0x58537ed8: a(n) IdentityDictionary
0xffc14d18 I Environment>allClassesAndTraitsDo: 0x58540028: a(n) Environment
0xffc14d3c I SystemNavigation>allBehaviorsDo: 0x5852c2f8: a(n) SystemNavigation
0xffc14d60 I Locale class>localeChanged 0x588930c0: a(n) Locale
0xffc14d80 I Locale class>switchTo:gently: 0x588930c0: a(n) Locale
0xffc14da8 I Locale class>switchTo: 0x588930c0: a(n) Locale
0xffc14dcc I Locale class>switchToID: 0x588930c0: a(n) Locale
0xffc14df0 I MorphicProject>initialize 0x5acc1488: a(n) MorphicProject
0xffbfeb38 M MorphicProject class(Behavior)>new 0x58a981a8: a(n) MorphicProject
0xffbfeb54 M ObjectlandMorph>createProjectNamed:colorRamp:morphSpecs:initializeWorld: 0x5acdeea0: a(n) ObjectlandMorph
0xffbfeb7c M [] in ObjectlandMorph>createObjectlandProject 0x5acdeea0: a(n) ObjectlandMorph
0xffbfeb9c M FullBlockClosure(BlockClosure)>ensure: 0x5acdef78: a(n) FullBlockClosure
0xffbfebbc M CursorWithMask(Cursor)>showWhile: 0x5866f778: a(n) CursorWithMask
0xffbfebd8 M ObjectlandMorph>createObjectlandProject 0x5acdeea0: a(n) ObjectlandMorph
0xffbfebf4 M [] in ObjectlandMorph class>createObjectlandProjectStarter 0x58a9a540: a(n) ObjectlandMorph
0xffbfec0c M Array(Collection)>detect:ifFound:ifNone: 0x5ac7cd20: a(n) Array
0xffbfec30 M Array(Collection)>detect:ifNone: 0x5ac7cd20: a(n) Array
0xffbfec58 I PasteUpMorph(Morph)>submorphThat:ifNone: 0x587f0b50: a(n) PasteUpMorph
0xffbfec80 I ObjectlandMorph class>createObjectlandProjectStarter 0x58a9a540: a(n) ObjectlandMorph
0xffbfeca0 I ObjectlandMorph class>openObjectlandStarter 0x58a9a540: a(n) ObjectlandMorph
0xffbfecc4 I [] in ReleaseBuilder class>prepareEnvironment 0x58492430: a(n) ReleaseBuilder
0xffbfece8 I ReleaseBuilder class>startUp: 0x58492430: a(n) ReleaseBuilder
0xffbfed14 M [] in SmalltalkImage>send:toClassesNamedIn:with: 0x584a8208: a(n) SmalltalkImage
0xffbfed3c I OrderedCollection>do: 0x58543e98: a(n) OrderedCollection
0xffbfed64 I SmalltalkImage>send:toClassesNamedIn:with: 0x584a8208: a(n) SmalltalkImage
0xffbfed90 I SmalltalkImage>processStartUpList: 0x584a8208: a(n) SmalltalkImage
0xffbfedb4 I SmalltalkImage>startUpPostSnapshot: 0x584a8208: a(n) SmalltalkImage
0xffbfede0 I SmalltalkImage>snapshot:andQuit:withExitCode:embedded: 0x584a8208: a(n) SmalltalkImage
0x5a91acc0 s SmalltalkImage>snapshot:andQuit:embedded: 0x584a8208: a(n) SmalltalkImage
0x5a91ae80 s SmalltalkImage>snapshot:andQuit: 0x584a8208: a(n) SmalltalkImage
0x5a91af50 s [] in ReleaseBuilder class>saveAndQuit 0x58492430: a(n) ReleaseBuilder
0x5a91b028 s WorldState>runStepMethodsIn: 0x587ea098: a(n) WorldState
0x5a91b0b8 s PasteUpMorph>runStepMethods 0x587f0b50: a(n) PasteUpMorph
0x5a91b188 s [] in WorldState>doOneCycleNowFor: 0x587ea098: a(n) WorldState
0x5a91b1e8 s [] in ActiveWorldVariable class(DynamicVariable class)>value:during: 0x587e7be8: a(n) ActiveWorldVariable
0x5a91b268 s FullBlockClosure(BlockClosure)>ensure: 0x5a91b2c8: a(n) FullBlockClosure
0x5a91b350 s ActiveWorldVariable class(DynamicVariable class)>value:during: 0x587e7be8: a(n) ActiveWorldVariable
0x5a91b448 s [] in ActiveWorldVariable class>value:during: 0x587e7be8: a(n) ActiveWorldVariable
0x5a91b518 s FullBlockClosure(BlockClosure)>ensure: 0x5a91b578: a(n) FullBlockClosure
0x5a91b5f8 s ActiveWorldVariable class>value:during: 0x587e7be8: a(n) ActiveWorldVariable
0x5a91b6f0 s PasteUpMorph>becomeActiveDuring: 0x587f0b50: a(n) PasteUpMorph
0x5a91b2f0 s WorldState>doOneCycleNowFor: 0x587ea098: a(n) WorldState
0x5a91b3d8 s WorldState>doOneCycleFor: 0x587ea098: a(n) WorldState
0x5a91b4b8 s PasteUpMorph>doOneCycle 0x587f0b50: a(n) PasteUpMorph
0x5a91b598 s [] in MorphicProject>spawnNewProcess 0x58a984b8: a(n) MorphicProject
0x5a91b678 s [] in FullBlockClosure(BlockClosure)>newProcess 0x5a91b6d8: a(n) FullBlockClosure

Most recent primitives (oldest first)
**PrimitiveFailure** BoxedFloat64
**PrimitiveFailure** BoxedFloat64
BitBlt>>#copyBits
BitBlt>>#copyBits
BitBlt>>#copyBits
BitBlt>>#copyBits
BoxedFloat64>>#+
**PrimitiveFailure** BoxedFloat64
**PrimitiveFailure** BoxedFloat64
BoxedFloat64>>#+
**PrimitiveFailure** BoxedFloat64
**PrimitiveFailure** BoxedFloat64
BitBlt>>#copyBits
BitBlt>>#copyBits
BitBlt>>#copyBits
BitBlt>>#copyBits
BoxedFloat64>>#+
**PrimitiveFailure** BoxedFloat64
**PrimitiveFailure** BoxedFloat64
BoxedFloat64>>#+
**PrimitiveFailure** BoxedFloat64
**PrimitiveFailure** BoxedFloat64
BoxedFloat64>>#+
**PrimitiveFailure** BoxedFloat64
**PrimitiveFailure** BoxedFloat64
BoxedFloat64>>#+
**PrimitiveFailure** BoxedFloat64
**PrimitiveFailure** BoxedFloat64
BitBlt>>#copyBits
BitBlt>>#copyBits
BitBlt>>#copyBits
BitBlt>>#copyBits
BoxedFloat64>>#+
**PrimitiveFailure** BoxedFloat64
**PrimitiveFailure** BoxedFloat64
BoxedFloat64>>#+
**PrimitiveFailure** BoxedFloat64
**PrimitiveFailure** BoxedFloat64
BitBlt>>#copyBits
BitBlt>>#copyBits
BitBlt>>#copyBits
BitBlt>>#copyBits
BoxedFloat64>>#+
**PrimitiveFailure** BoxedFloat64
**PrimitiveFailure** BoxedFloat64
BoxedFloat64>>#+
**PrimitiveFailure** BoxedFloat64
**PrimitiveFailure** BoxedFloat64
BitBlt>>#copyBits
BitBlt>>#copyBits
BitBlt>>#copyBits
BitBlt>>#copyBits
BitBlt>>#copyBits
BitBlt>>#copyBits
BitBlt>>#primDisplayString:from:to:map:xTable:kern:
BitBlt>>#primDisplayString:from:to:map:xTable:kern:
**StackOverflow**
BitBlt>>#copyBits
BitBlt>>#copyBits
BitBlt>>#copyBits
BitBlt>>#copyBits
BitBlt>>#primDisplayString:from:to:map:xTable:kern:
BitBlt>>#primDisplayString:from:to:map:xTable:kern:
**StackOverflow**
BitBlt>>#copyBits
BitBlt>>#copyBits
BitBlt>>#copyBits
BitBlt>>#copyBits
BitBlt>>#primDisplayString:from:to:map:xTable:kern:
BitBlt>>#primDisplayString:from:to:map:xTable:kern:
**StackOverflow**
BitBlt>>#copyBits
BitBlt>>#copyBits
BitBlt>>#copyBits
BitBlt>>#copyBits
BitBlt>>#primDisplayString:from:to:map:xTable:kern:
BitBlt>>#primDisplayString:from:to:map:xTable:kern:
**StackOverflow**
BitBlt>>#copyBits
BitBlt>>#copyBits
BitBlt>>#copyBits
BitBlt>>#copyBits
BitBlt>>#primDisplayString:from:to:map:xTable:kern:
BitBlt>>#primDisplayString:from:to:map:xTable:kern:
**StackOverflow**
BitBlt>>#copyBits
BitBlt>>#copyBits
BitBlt>>#copyBits
BitBlt>>#copyBits
BitBlt>>#copyBits
BitBlt>>#primDisplayString:from:to:map:xTable:kern:
BitBlt>>#primDisplayString:from:to:map:xTable:kern:
**StackOverflow**
BitBlt>>#copyBits
BitBlt>>#copyBits
BitBlt>>#copyBits
BitBlt>>#copyBits
BitBlt>>#copyBits
BitBlt>>#primDisplayString:from:to:map:xTable:kern:
BitBlt>>#primDisplayString:from:to:map:xTable:kern:
**StackOverflow**
BitBlt>>#copyBits
BitBlt>>#copyBits
BitBlt>>#copyBits
BitBlt>>#copyBits
BitBlt>>#primDisplayString:from:to:map:xTable:kern:
BitBlt>>#primDisplayString:from:to:map:xTable:kern:
BitBlt>>#copyBits
FullBlockClosure>>#value
FullBlockClosure>>#value
**StackOverflow**
Object>>#shallowCopy
SmallInteger>>#+
SmallInteger>>#+
SmallInteger>>#+
BitBlt>>#copyBits
BitBlt>>#copyBits
BitBlt>>#copyBits
BitBlt>>#copyBits
BitBlt>>#copyBits
**StackOverflow**
BitBlt>>#copyBits
BitBlt>>#copyBits
BitBlt>>#copyBits
BitBlt>>#copyBits
Object>>#shallowCopy
Object>>#at:put:
Behavior>>#basicNew:
Behavior>>#basicNew
Number>>#@
BitBlt>>#copyBits
BitBlt>>#copyBits
Number>>#@
BitBlt>>#copyBits
FullBlockClosure>>#value:
FullBlockClosure>>#value:
ArrayedCollection>>#size
**StackOverflow**
**StackOverflow**
**StackOverflow**
**StackOverflow**
**StackOverflow**
**StackOverflow**
**StackOverflow**
**StackOverflow**
ProtoObject>>#identityHash
FullBlockClosure>>#value
Behavior>>#basicNew
String>>#compareWith:collated:
ProtoObject>>#identityHash
Behavior>>#basicNew:
Behavior>>#basicNew
SmallInteger>>#*
SmallInteger>>#*
SmallInteger>>#*
SmallInteger>>#*
SmallInteger>>#*
SmallInteger>>#*
SmallInteger>>#*
SmallInteger>>#*
WarpBlt>>#warpBitsSmoothing:sourceMap:
Object>>#shallowCopy
Object>>#shallowCopy
BoxedFloat64>>#/
**PrimitiveFailure** BoxedFloat64
BoxedFloat64>>#/
**PrimitiveFailure** BoxedFloat64
Number>>#@
BoxedFloat64>>#=
**PrimitiveFailure** BoxedFloat64
Behavior>>#basicNew
Behavior>>#basicNew
Behavior>>#basicNew
FullBlockClosure>>#value
Behavior>>#basicNew
SmallInteger>>#*
**PrimitiveFailure** SmallInteger
Object>>#perform:with:
SmallInteger>>#*
SmallInteger>>#*
BoxedFloat64>>#/
**PrimitiveFailure** BoxedFloat64
**PrimitiveFailure** BoxedFloat64
BoxedFloat64>>#/
**PrimitiveFailure** BoxedFloat64
**PrimitiveFailure** BoxedFloat64
SmallInteger>>#highBitOfMagnitude
SmallInteger>>#highBitOfMagnitude
BoxedFloat64>>#/
**PrimitiveFailure** BoxedFloat64
**PrimitiveFailure** BoxedFloat64
BoxedFloat64>>#/
**PrimitiveFailure** BoxedFloat64
**PrimitiveFailure** BoxedFloat64
BoxedFloat64>>#truncated
BoxedFloat64>>#>=
**PrimitiveFailure** BoxedFloat64
BoxedFloat64>>#/
**PrimitiveFailure** BoxedFloat64
**PrimitiveFailure** BoxedFloat64
Behavior>>#basicNew:
BitBlt>>#copyBits
**PrimitiveFailure** BitBlt
BitBlt>>#copyBitsTranslucent:
Behavior>>#basicNew:
WarpBlt>>#warpBitsSmoothing:sourceMap:
BitBlt>>#copyBits
Behavior>>#basicNew
SmallInteger>>#bitShift:
SmallInteger>>#bitShift:
SmallInteger>>#+
SmallInteger>>#+
Behavior>>#basicNew
Behavior>>#basicNew
FullBlockClosure>>#value
Behavior>>#basicNew
Behavior>>#basicNew
**CompactCode**

stack page bytes 8192 available headroom 6888 minimum unused headroom 7064

        (Segmentation fault)
Aborted (core dumped)</code></pre></details>

Assert VM, Debug VM, Stack VM all appear to work.

**Comment by LinqLover** [comment]
This seems to be a bug in the JIT code generator for x86. `commenceCogCompiledCodeCompaction` (0x63812e28) is (eventually) reached from jitted code through `ceCPICMissreceiver` with a misaligned ESP stack, thus `movaps` traps (this is an SSE/SIMD instruction, so it was likely not reproducible in debug builds):

```gdb
christoph@tuxedo-christoph:~/git/OpenSmalltalk/opensmalltalk-vm.1/building/linux32x86/squeak.cog.spur/build$ gdb --args ./squeak ~/Downloads/Squeak6.1rc2-23940-32bit/Squeak6.1rc2-23940-32bit.image 
GNU gdb (Ubuntu 15.1-1ubuntu1~24.04.1) 15.1
This GDB was configured as "x86_64-linux-gnu".
Reading symbols from ./squeak...
(gdb) catch signal SIGSEGV
Catchpoint 1 (signal SIGSEGV)
(gdb) run
Starting program: /home/christoph/git/OpenSmalltalk/opensmalltalk-vm.1/building/linux32x86/squeak.cog.spur/build/squeak /home/christoph/Downloads/Squeak6.1rc2-23940-32bit/Squeak6.1rc2-23940-32bit.image

[Thread debugging using libthread_db enabled]
Using host libthread_db library "/lib/x86_64-linux-gnu/libthread_db.so.1".
[New Thread 0xf758cb40 (LWP 576496)]

Thread 1 "squeak" hit Catchpoint 1 (signal SIGSEGV), 0x5657de28 in commenceCogCompiledCodeCompaction ()
    at /home/christoph/git/OpenSmalltalk/opensmalltalk-vm.1/src/spur32.cog/gcc3x-cointerp.c:14365
14365           startTime = ioUTCMicrosecondsNow();
(gdb) where
#0  0x5657de28 in commenceCogCompiledCodeCompaction () at /home/christoph/git/OpenSmalltalk/opensmalltalk-vm.1/src/spur32.cog/gcc3x-cointerp.c:14365
#1  0x565ac945 in checkForEventsMayContextSwitch (mayContextSwitch=mayContextSwitch@entry=1)
    at /home/christoph/git/OpenSmalltalk/opensmalltalk-vm.1/src/spur32.cog/gcc3x-cointerp.c:63798
#2  0x565ace2d in handleStackOverflowOrEventAllowContextSwitch (mayContextSwitch=<optimized out>)
    at /home/christoph/git/OpenSmalltalk/opensmalltalk-vm.1/src/spur32.cog/gcc3x-cointerp.c:67710
#3  activateNewCogMethodinInterpreter (cogMethod=<optimized out>, inInterpreter=0)
    at /home/christoph/git/OpenSmalltalk/opensmalltalk-vm.1/src/spur32.cog/gcc3x-cointerp.c:11304
#4  0x565adb3c in executeNewMethod () at /home/christoph/git/OpenSmalltalk/opensmalltalk-vm.1/src/spur32.cog/gcc3x-cointerp.c:15117
#5  0x565ae90d in ceSendFromInLineCacheMiss (cogMethodOrPIC=0x5685a850)
    at /home/christoph/git/OpenSmalltalk/opensmalltalk-vm.1/src/spur32.cog/gcc3x-cointerp.c:13282
#6  0x565f2d6a in ceCPICMissreceiver (receiver=1455622416, cPIC=0x5685a850)
    at /home/christoph/git/OpenSmalltalk/opensmalltalk-vm.1/src/spur32.cog/cogitIA32.c:8090
#7  ceCPICMissreceiver (cPIC=0x5685a850, receiver=1455622416) at /home/christoph/git/OpenSmalltalk/opensmalltalk-vm.1/src/spur32.cog/cogitIA32.c:8013
#8  0x5678e701 in ?? ()
#9  0x567d086d in ?? ()
#10 0x5680da23 in ?? ()
#11 0x5680d99e in ?? ()
#12 0x567b5ba4 in ?? ()
--Type <RET> for more, q to quit, c to continue without paging--q
Quit
(gdb) p/x $esp
$1 = 0xfff97aa8
(gdb) p/x ((unsigned int)$esp) & 0xf
$2 = 0x8
(gdb) x/5i $pc-12
   0x5657de1c <commenceCogCompiledCodeCompaction+76>:   outsb  %ds:(%esi),(%dx)
   0x5657de1d <commenceCogCompiledCodeCompaction+77>:   lret   $0x838b
   0x5657de20 <commenceCogCompiledCodeCompaction+80>:   mov    $0x6600015a,%esp
   0x5657de25 <commenceCogCompiledCodeCompaction+85>:   punpckldq %mm1,%mm0
=> 0x5657de28 <commenceCogCompiledCodeCompaction+88>:   movaps %xmm0,(%esp)
```

As a workaround, compiling the VM with `-mstackrealign` avoids the segfaults, but I don't think we want that workaround but fix the JIT instead.

NB: My understanding of all of this is still extremely shallow. I have made these observations with ChatGPT but verified and summarized the results by myself in order to learn :-)

**Comment by eliotmiranda** [comment]
OK, let me explain the issue.
a) in at least x86/x86_64 systems using SSE instructions (which use the xmm floating point registers, each containing 128 bits), and in ARMv8 systems, the stack pointer must be aligned on a 16-byte/128-bit boundary, and SSE load/store instructions will segfault as above if the stack pointer is not correctly aligned
b) the Cogit may emit such instructions, and will ensure the stack pointer is suitably aligned with primitives that have the 	<primitiveMetadata: #(FastCPrimitiveFlag FastCPrimitiveAlignForFloatsFlag)> pragma
c) the C stack, upon which non-jitted code (such as the run-time routines in the Cogit and CoInterpreter, and the primitives) *should* be correctly aligned (but obviously isn't above).
d) when calling C run-time routines on the C stack the trampolines used to call fetch the C stack pointers from two variables, CFramePointer and CStackPointer

So the above is probably traceable back to a bad capture of CFramePointer and CStackPointer. At least you should review the documentation in methods Cogit>>#assertCStackWellAligned & Cogit>>#assertSavedCStackPointersWellAligned and then see if CFramePointer and CStackPointer have aligned values or not. If they are well-aligned, then something is wrong with some trampoline. If they are not, then when they were assigned they got unaligned values. Running gdb/lldb with a watch point on CStackPointer will find where.

HTH

**Comment by LinqLover** [comment]
Thank you! I will follow your pointers later. Just a short dump of my latest findings before I need some sleep:

- `genAlignCStackGivenRegistersToBeSaved:numArgs:wordAlignment:` is not called in production because `cStackAlignment` is `0`. Changing `const int cStackAlignment = STACK_ALIGN_BYTES & STACK_ALIGN_MASK` in `Cogit class>>declareCVarsIn:` back to `const int cStackAlignment = STACK_ALIGN_BYTES` should fix that (is that a regression from VMMaker.oscog-eem.3456? 16 & 15 = 0!), but...
- ...next I got another segfault for similar misalignments when calling `primitivePixelValueAt` from the JIT. I'm not sure whether the `PrimCallOnSmalltalkStackAlign`/`PrimCallOnSmalltalkStackAlign2x` design actually honors the 16-byte alignment requirement, but I really need to study this further before being able to say anything meaningful about that, if nobody else gets there before me :)

**Comment by LinqLover** [comment]
Also, can we please reopen this issue?

**Comment by cstes** [comment]
It's good that the issue is reopened for the 32-bit Linux VM.  But this issue is **NOT urgent** because Linux 32bit is less and less used, although the latest Linux kernel stills runs on 32 bit Intel i586 or i686 (the Intel Pentium).   Both OpenSUSE and Linux Slackware (both distributions are excellent Linux distributions) latest versions can be ran in 32 bit on 32bit physical hardware (as opposed to a simulator or virtual machine).   In June 2026 I wrote: "_The stack-spur VM runs fine and also the cog-spur VM seems to start up but indeed the cog-spur vm seems to crash after a few seconds_".   Later in July 2026 (with more recent opensmalltalk VM) I wrote " _Anyway the Stack 32bit VM (Stack Interpreter) now immediately crashes with a segmentation fault on 32 bit Linux so there is a new problem I think, or a different form of an older existing problem._".   So the problem that was originally reported in this issue corresponds more with my observation from June 2026 than with (possibly a different issue) from July 2026.   I wrote in July 2026 that I thought that a new problem was present, because the problem from July looked different to me than the one from June.   Whoever reads this, should also be aware that it is possible to checkout or download older OpenSmalltalk source code and build a VM on 32bit that does not suffer from either problem.   In the past OpenSmalltalk VM ran fine on 32bit, and using older source code or older executables , this can still be done.   I hope that something can be done to get OpenSmalltalk on the Intel Pentium, but this issue is NOT urgent at all as this is ancient legacy hardware obviously ...

**Comment by LinqLover** [comment]
This issue is not just about 32-bit Linux. It's also about being able to run (legacy) 32-bit images on 64-bit operating systems. :-)

**Comment by cstes** [comment]
The Linux operating system is important.   I tested on Slackware Linux with Linux kernel 6.12.107 and I built an opensmalltalk VM using gcc 15.3;  the opensmalltalk linux32x86 squeak.stack.spur seems stable (I modified the mvm script to build --without-gl and deleted the -O2 optimizer flag).   The squeak.cog.spur VM from VMMaker.oscog-eem.3785 also opens Squeak 5.3 image 19489 32bit and Squeak 6.1rc3 23971 32bit and Cuis 7.9 7983 32bit image (update to Cuis 8149 also works).  Both Stack VM and Cog VM open those images succesfully.   I must add that while running the Test Runner (to run SUnit tests) on Squeak, the Cog  VM had a SIGSEGV for me in IncrementalGC.
